#
# There is insufficient memory for the Java Runtime Environment to continue.
# Native memory allocation (malloc) failed to allocate 1619376 bytes for Chunk::new
# Possible reasons:
#   The system is out of physical RAM or swap space
#   In 32 bit mode, the process size limit was hit
# Possible solutions:
#   Reduce memory load on the system
#   Increase physical memory or swap space
#   Check if swap backing store is full
#   Use 64 bit Java on a 64 bit OS
#   Decrease Java heap size (-Xmx/-Xms)
#   Decrease number of Java threads
#   Decrease Java thread stack sizes (-Xss)
#   Set larger code cache with -XX:ReservedCodeCacheSize=
# This output file may be truncated or incomplete.
#
#  Out of Memory Error (allocation.cpp:390), pid=7056, tid=7752
#
# JRE version: Java(TM) SE Runtime Environment (8.0_74-b02) (build 1.8.0_74-b02)
# Java VM: Java HotSpot(TM) 64-Bit Server VM (25.74-b02 mixed mode windows-amd64 compressed oops)
# Failed to write core dump. Call to MiniDumpWriteDump() failed (Error 0x80070008: ´æ´¢¿Õ¼ä²»×ã£¬ÎÞ·¨´¦Àí´ËÃüÁî¡£
)
#

---------------  T H R E A D  ---------------

Current thread (0x000000001769a000):  JavaThread "C2 CompilerThread0" daemon [_thread_in_native, id=7752, stack(0x0000000018bc0000,0x0000000018cc0000)]

Stack: [0x0000000018bc0000,0x0000000018cc0000]
[error occurred during error reporting (printing stack bounds), id 0xc0000005]

Native frames: (J=compiled Java code, j=interpreted, Vv=VM code, C=native code)


Current CompileTask:
C2:   1420  545       4      
[error occurred during error reporting (printing current compile task), id 0xe0000001]


---------------  P R O C E S S  ---------------

Java Threads: ( => current thread )
  0x0000000018d34000 JavaThread "Service Thread" daemon [_thread_blocked, id=8524, stack(0x00000000192c0000,0x00000000193c0000)]
  0x0000000018cc9800 JavaThread "C1 CompilerThread2" daemon [_thread_in_native, id=8916, stack(0x00000000191c0000,0x00000000192c0000)]
  0x0000000018cc3800 JavaThread "C2 CompilerThread1" daemon [_thread_in_native, id=3840, stack(0x00000000190c0000,0x00000000191c0000)]
=>0x000000001769a000 JavaThread "C2 CompilerThread0" daemon [_thread_in_native, id=7752, stack(0x0000000018bc0000,0x0000000018cc0000)]
  0x0000000017698800 JavaThread "Attach Listener" daemon [_thread_blocked, id=2900, stack(0x0000000018ac0000,0x0000000018bc0000)]
  0x000000001764e000 JavaThread "Signal Dispatcher" daemon [_thread_blocked, id=5224, stack(0x00000000189c0000,0x0000000018ac0000)]
  0x000000000294b800 JavaThread "Finalizer" daemon [_thread_blocked, id=1868, stack(0x00000000188c0000,0x00000000189c0000)]
  0x0000000002941000 JavaThread "Reference Handler" daemon [_thread_blocked, id=2476, stack(0x00000000187c0000,0x00000000188c0000)]
  0x0000000002852800 JavaThread "main" [_thread_in_vm, id=8672, stack(0x0000000002440000,0x0000000002540000)]

Other Threads:
  0x0000000017608000 VMThread [stack: 0x00000000186c0000,0x00000000187c0000] [id=7156]
  0x0000000018d8d000 WatcherThread [stack: 0x00000000193c0000,0x00000000194c0000] [id=7332]

VM state:not at safepoint (normal execution)

VM Mutex/Monitor currently owned by a thread: None

Heap:
 PSYoungGen      total 19456K, used 5746K [0x00000000d5580000, 0x00000000d7100000, 0x0000000100000000)
  eden space 15360K, 24% used [0x00000000d5580000,0x00000000d5924a68,0x00000000d6480000)
  from space 4096K, 49% used [0x00000000d6d00000,0x00000000d6ef8120,0x00000000d7100000)
  to   space 6144K, 0% used [0x00000000d6500000,0x00000000d6500000,0x00000000d6b00000)
 ParOldGen       total 12800K, used 12513K [0x0000000080000000, 0x0000000080c80000, 0x00000000d5580000)
  object space 12800K, 97% used [0x0000000080000000,0x0000000080c38470,0x0000000080c80000)
 Metaspace       used 7568K, capacity 8308K, committed 8448K, reserved 1056768K
  class space    used 908K, capacity 944K, committed 1024K, reserved 1048576K

Card table byte_map: [0x0000000011de0000,0x00000000121f0000] byte_map_base: 0x00000000119e0000

Marking Bits: (ParMarkBitMap*) 0x000000006f870600
 Begin Bits: [0x00000000128a0000, 0x00000000148a0000)
 End Bits:   [0x00000000148a0000, 0x00000000168a0000)

Polling page: 0x00000000023d0000

CodeCache: size=245760Kb used=2706Kb max_used=2706Kb free=243053Kb
 bounds [0x0000000002a20000, 0x0000000002cd0000, 0x0000000011a20000]
 total_blobs=925 nmethods=638 adapters=201
 compilation: enabled

Compilation events (10 events):
Event: 1.320 Thread 0x0000000018cc9800  632       3       java.net.URLStreamHandler::sameFile (136 bytes)
Event: 1.320 Thread 0x0000000018cc9800 nmethod 632 0x0000000002cbb890 code [0x0000000002cbba60, 0x0000000002cbcaa8]
Event: 1.320 Thread 0x0000000018cc9800  633       3       sun.net.www.protocol.file.Handler::hostsEqual (69 bytes)
Event: 1.321 Thread 0x0000000018cc9800 nmethod 633 0x0000000002cbae10 code [0x0000000002cbafc0, 0x0000000002cbb708]
Event: 1.321 Thread 0x0000000018cc9800  634       3       java.net.URLStreamHandler::hostsEqual (75 bytes)
Event: 1.321 Thread 0x0000000018cc9800 nmethod 634 0x0000000002cbe090 code [0x0000000002cbe240, 0x0000000002cbebb8]
Event: 1.321 Thread 0x0000000018cc9800  635       3       java.security.CodeSource::matchCerts (254 bytes)
Event: 1.322 Thread 0x0000000018cc9800 nmethod 635 0x0000000002cbed90 code [0x0000000002cbefa0, 0x0000000002cbfb18]
Event: 1.323 Thread 0x0000000018cc9800  636       3       java.net.URLStreamHandler::equals (45 bytes)
Event: 1.323 Thread 0x0000000018cc9800 nmethod 636 0x0000000002cc0050 code [0x0000000002cc01e0, 0x0000000002cc06f8]

GC Heap History (10 events):
Event: 0.877 GC heap before
{Heap before GC invocations=8 (full 0):
 PSYoungGen      total 7168K, used 7148K [0x00000000d5580000, 0x00000000d6480000, 0x0000000100000000)
  eden space 6144K, 100% used [0x00000000d5580000,0x00000000d5b80000,0x00000000d5b80000)
  from space 1024K, 98% used [0x00000000d5b80000,0x00000000d5c7b130,0x00000000d5c80000)
  to   space 1536K, 0% used [0x00000000d6300000,0x00000000d6300000,0x00000000d6480000)
 ParOldGen       total 5632K, used 1700K [0x0000000080000000, 0x0000000080580000, 0x00000000d5580000)
  object space 5632K, 30% used [0x0000000080000000,0x00000000801a9328,0x0000000080580000)
 Metaspace       used 7000K, capacity 7860K, committed 8064K, reserved 1056768K
  class space    used 858K, capacity 880K, committed 896K, reserved 1048576K
Event: 0.879 GC heap after
Heap after GC invocations=8 (full 0):
 PSYoungGen      total 13824K, used 1006K [0x00000000d5580000, 0x00000000d6480000, 0x0000000100000000)
  eden space 12288K, 0% used [0x00000000d5580000,0x00000000d5580000,0x00000000d6180000)
  from space 1536K, 65% used [0x00000000d6300000,0x00000000d63fbb78,0x00000000d6480000)
  to   space 1536K, 0% used [0x00000000d6180000,0x00000000d6180000,0x00000000d6300000)
 ParOldGen       total 5632K, used 1796K [0x0000000080000000, 0x0000000080580000, 0x00000000d5580000)
  object space 5632K, 31% used [0x0000000080000000,0x00000000801c1328,0x0000000080580000)
 Metaspace       used 7000K, capacity 7860K, committed 8064K, reserved 1056768K
  class space    used 858K, capacity 880K, committed 896K, reserved 1048576K
}
Event: 1.069 GC heap before
{Heap before GC invocations=9 (full 0):
 PSYoungGen      total 13824K, used 13294K [0x00000000d5580000, 0x00000000d6480000, 0x0000000100000000)
  eden space 12288K, 100% used [0x00000000d5580000,0x00000000d6180000,0x00000000d6180000)
  from space 1536K, 65% used [0x00000000d6300000,0x00000000d63fbb78,0x00000000d6480000)
  to   space 1536K, 0% used [0x00000000d6180000,0x00000000d6180000,0x00000000d6300000)
 ParOldGen       total 5632K, used 1796K [0x0000000080000000, 0x0000000080580000, 0x00000000d5580000)
  object space 5632K, 31% used [0x0000000080000000,0x00000000801c1328,0x0000000080580000)
 Metaspace       used 7385K, capacity 8180K, committed 8448K, reserved 1056768K
  class space    used 895K, capacity 944K, committed 1024K, reserved 1048576K
Event: 1.078 GC heap after
Heap after GC invocations=9 (full 0):
 PSYoungGen      total 13824K, used 1513K [0x00000000d5580000, 0x00000000d7100000, 0x0000000100000000)
  eden space 12288K, 0% used [0x00000000d5580000,0x00000000d5580000,0x00000000d6180000)
  from space 1536K, 98% used [0x00000000d6180000,0x00000000d62fa598,0x00000000d6300000)
  to   space 4096K, 0% used [0x00000000d6d00000,0x00000000d6d00000,0x00000000d7100000)
 ParOldGen       total 7680K, used 7456K [0x0000000080000000, 0x0000000080780000, 0x00000000d5580000)
  object space 7680K, 97% used [0x0000000080000000,0x0000000080748238,0x0000000080780000)
 Metaspace       used 7385K, capacity 8180K, committed 8448K, reserved 1056768K
  class space    used 895K, capacity 944K, committed 1024K, reserved 1048576K
}
Event: 1.078 GC heap before
{Heap before GC invocations=10 (full 1):
 PSYoungGen      total 13824K, used 1513K [0x00000000d5580000, 0x00000000d7100000, 0x0000000100000000)
  eden space 12288K, 0% used [0x00000000d5580000,0x00000000d5580000,0x00000000d6180000)
  from space 1536K, 98% used [0x00000000d6180000,0x00000000d62fa598,0x00000000d6300000)
  to   space 4096K, 0% used [0x00000000d6d00000,0x00000000d6d00000,0x00000000d7100000)
 ParOldGen       total 7680K, used 7456K [0x0000000080000000, 0x0000000080780000, 0x00000000d5580000)
  object space 7680K, 97% used [0x0000000080000000,0x0000000080748238,0x0000000080780000)
 Metaspace       used 7385K, capacity 8180K, committed 8448K, reserved 1056768K
  class space    used 895K, capacity 944K, committed 1024K, reserved 1048576K
Event: 1.140 GC heap after
Heap after GC invocations=10 (full 1):
 PSYoungGen      total 13824K, used 998K [0x00000000d5580000, 0x00000000d7100000, 0x0000000100000000)
  eden space 12288K, 0% used [0x00000000d5580000,0x00000000d5580000,0x00000000d6180000)
  from space 1536K, 64% used [0x00000000d6180000,0x00000000d6279950,0x00000000d6300000)
  to   space 4096K, 0% used [0x00000000d6d00000,0x00000000d6d00000,0x00000000d7100000)
 ParOldGen       total 12800K, used 7390K [0x0000000080000000, 0x0000000080c80000, 0x00000000d5580000)
  object space 12800K, 57% used [0x0000000080000000,0x0000000080737ad0,0x0000000080c80000)
 Metaspace       used 7385K, capacity 8180K, committed 8448K, reserved 1056768K
  class space    used 895K, capacity 944K, committed 1024K, reserved 1048576K
}
Event: 1.212 GC heap before
{Heap before GC invocations=11 (full 1):
 PSYoungGen      total 13824K, used 13286K [0x00000000d5580000, 0x00000000d7100000, 0x0000000100000000)
  eden space 12288K, 100% used [0x00000000d5580000,0x00000000d6180000,0x00000000d6180000)
  from space 1536K, 64% used [0x00000000d6180000,0x00000000d6279950,0x00000000d6300000)
  to   space 4096K, 0% used [0x00000000d6d00000,0x00000000d6d00000,0x00000000d7100000)
 ParOldGen       total 12800K, used 7390K [0x0000000080000000, 0x0000000080c80000, 0x00000000d5580000)
  object space 12800K, 57% used [0x0000000080000000,0x0000000080737ad0,0x0000000080c80000)
 Metaspace       used 7409K, capacity 8180K, committed 8448K, reserved 1056768K
  class space    used 896K, capacity 944K, committed 1024K, reserved 1048576K
Event: 1.219 GC heap after
Heap after GC invocations=11 (full 1):
 PSYoungGen      total 19456K, used 4067K [0x00000000d5580000, 0x00000000d7100000, 0x0000000100000000)
  eden space 15360K, 0% used [0x00000000d5580000,0x00000000d5580000,0x00000000d6480000)
  from space 4096K, 99% used [0x00000000d6d00000,0x00000000d70f8f18,0x00000000d7100000)
  to   space 6144K, 0% used [0x00000000d6500000,0x00000000d6500000,0x00000000d6b00000)
 ParOldGen       total 12800K, used 11216K [0x0000000080000000, 0x0000000080c80000, 0x00000000d5580000)
  object space 12800K, 87% used [0x0000000080000000,0x0000000080af4248,0x0000000080c80000)
 Metaspace       used 7409K, capacity 8180K, committed 8448K, reserved 1056768K
  class space    used 896K, capacity 944K, committed 1024K, reserved 1048576K
}
Event: 1.219 GC heap before
{Heap before GC invocations=12 (full 2):
 PSYoungGen      total 19456K, used 4067K [0x00000000d5580000, 0x00000000d7100000, 0x0000000100000000)
  eden space 15360K, 0% used [0x00000000d5580000,0x00000000d5580000,0x00000000d6480000)
  from space 4096K, 99% used [0x00000000d6d00000,0x00000000d70f8f18,0x00000000d7100000)
  to   space 6144K, 0% used [0x00000000d6500000,0x00000000d6500000,0x00000000d6b00000)
 ParOldGen       total 12800K, used 11216K [0x0000000080000000, 0x0000000080c80000, 0x00000000d5580000)
  object space 12800K, 87% used [0x0000000080000000,0x0000000080af4248,0x0000000080c80000)
 Metaspace       used 7409K, capacity 8180K, committed 8448K, reserved 1056768K
  class space    used 896K, capacity 944K, committed 1024K, reserved 1048576K
Event: 1.273 GC heap after
Heap after GC invocations=12 (full 2):
 PSYoungGen      total 19456K, used 2016K [0x00000000d5580000, 0x00000000d7100000, 0x0000000100000000)
  eden space 15360K, 0% used [0x00000000d5580000,0x00000000d5580000,0x00000000d6480000)
  from space 4096K, 49% used [0x00000000d6d00000,0x00000000d6ef8120,0x00000000d7100000)
  to   space 6144K, 0% used [0x00000000d6500000,0x00000000d6500000,0x00000000d6b00000)
 ParOldGen       total 12800K, used 12513K [0x0000000080000000, 0x0000000080c80000, 0x00000000d5580000)
  object space 12800K, 97% used [0x0000000080000000,0x0000000080c38470,0x0000000080c80000)
 Metaspace       used 7409K, capacity 8180K, committed 8448K, reserved 1056768K
  class space    used 896K, capacity 944K, committed 1024K, reserved 1048576K
}

Deoptimization events (8 events):
Event: 0.839 Thread 0x0000000002852800 Uncommon trap: reason=unstable_if action=reinterpret pc=0x0000000002b8a2f4 method=java.lang.String.replace(CC)Ljava/lang/String; @ 26
Event: 0.853 Thread 0x0000000002852800 Uncommon trap: reason=class_check action=maybe_recompile pc=0x0000000002bc07b0 method=sun.misc.URLClassPath.getLoader(I)Lsun/misc/URLClassPath$Loader; @ 94
Event: 0.887 Thread 0x0000000002852800 Uncommon trap: reason=unstable_if action=reinterpret pc=0x0000000002be34d4 method=java.lang.String.<init>([CII)V @ 18
Event: 0.887 Thread 0x0000000002852800 Uncommon trap: reason=unstable_if action=reinterpret pc=0x0000000002b60de8 method=java.lang.String.startsWith(Ljava/lang/String;I)Z @ 25
Event: 0.888 Thread 0x0000000002852800 Uncommon trap: reason=unstable_if action=reinterpret pc=0x0000000002bb9ae4 method=java.lang.String.indexOf([CII[CIII)I @ 134
Event: 0.888 Thread 0x0000000002852800 Uncommon trap: reason=unloaded action=reinterpret pc=0x0000000002bc26bc method=sun.misc.URLClassPath$JarLoader.getResource(Ljava/lang/String;Z)Lsun/misc/Resource; @ 67
Event: 0.946 Thread 0x0000000002852800 Uncommon trap: reason=unstable_if action=reinterpret pc=0x0000000002c1f37c method=java.util.jar.Attributes$Name.isDigit(C)Z @ 3
Event: 1.274 Thread 0x0000000002852800 Uncommon trap: reason=predicate action=maybe_recompile pc=0x0000000002c9f6c4 method=java.util.ComparableTimSort.reverseRange([Ljava/lang/Object;II)V @ 8

Internal exceptions (10 events):
Event: 0.052 Thread 0x0000000002852800 Exception <a 'java/lang/NoSuchMethodError': Method sun.misc.Unsafe.defineClass(Ljava/lang/String;[BII)Ljava/lang/Class; name or signature does not match> (0x00000000d5587cd8) thrown at [C:\re\workspace\8-2-build-windows-amd64-cygwin\jdk8u74\6087\hotspot\srÒ(NÄÖª?
Event: 0.052 Thread 0x0000000002852800 Exception <a 'java/lang/NoSuchMethodError': Method sun.misc.Unsafe.prefetchRead(Ljava/lang/Object;J)V name or signature does not match> (0x00000000d5587fc0) thrown at [C:\re\workspace\8-2-build-windows-amd64-cygwin\jdk8u74\6087\hotspot\src\share\vm\prims\jíò]¾—FÒ?
Event: 0.286 Thread 0x0000000002852800 Exception <a 'java/security/PrivilegedActionException'> (0x00000000d55b2e60) thrown at [C:\re\workspace\8-2-build-windows-amd64-cygwin\jdk8u74\6087\hotspot\src\share\vm\prims\jvm.cpp, line 1386]
Event: 0.286 Thread 0x0000000002852800 Exception <a 'java/security/PrivilegedActionException'> (0x00000000d55b3258) thrown at [C:\re\workspace\8-2-build-windows-amd64-cygwin\jdk8u74\6087\hotspot\src\share\vm\prims\jvm.cpp, line 1386]
Event: 0.286 Thread 0x0000000002852800 Exception <a 'java/security/PrivilegedActionException'> (0x00000000d55b7288) thrown at [C:\re\workspace\8-2-build-windows-amd64-cygwin\jdk8u74\6087\hotspot\src\share\vm\prims\jvm.cpp, line 1386]
Event: 0.286 Thread 0x0000000002852800 Exception <a 'java/security/PrivilegedActionException'> (0x00000000d55b7680) thrown at [C:\re\workspace\8-2-build-windows-amd64-cygwin\jdk8u74\6087\hotspot\src\share\vm\prims\jvm.cpp, line 1386]
Event: 0.294 Thread 0x0000000002852800 Exception <a 'java/security/PrivilegedActionException'> (0x00000000d55ece48) thrown at [C:\re\workspace\8-2-build-windows-amd64-cygwin\jdk8u74\6087\hotspot\src\share\vm\prims\jvm.cpp, line 1386]
Event: 0.294 Thread 0x0000000002852800 Exception <a 'java/security/PrivilegedActionException'> (0x00000000d55ed240) thrown at [C:\re\workspace\8-2-build-windows-amd64-cygwin\jdk8u74\6087\hotspot\src\share\vm\prims\jvm.cpp, line 1386]
Event: 0.998 Thread 0x0000000002852800 Exception <a 'java/io/FileNotFoundException'> (0x00000000d5b88ff8) thrown at [C:\re\workspace\8-2-build-windows-amd64-cygwin\jdk8u74\6087\hotspot\src\share\vm\prims\jni.cpp, line 709]
Event: 1.035 Thread 0x0000000002852800 Exception <a 'java/io/FileNotFoundException'> (0x00000000d5bbcc18) thrown at [C:\re\workspace\8-2-build-windows-amd64-cygwin\jdk8u74\6087\hotspot\src\share\vm\prims\jni.cpp, line 709]

Events (10 events):
Event: 1.316 loading class com/sun/tools/javac/jvm/ClassReader$AnnotationDeproxy
Event: 1.316 loading class com/sun/tools/javac/jvm/ClassReader$AnnotationDeproxy done
Event: 1.317 loading class com/sun/tools/javac/jvm/ClassReader$ProxyVisitor
Event: 1.317 loading class com/sun/tools/javac/jvm/ClassReader$ProxyVisitor done
Event: 1.319 loading class com/sun/tools/javac/code/BoundKind
Event: 1.319 loading class com/sun/tools/javac/code/BoundKind done
Event: 1.323 loading class com/sun/tools/javac/comp/Attr$14
Event: 1.323 loading class com/sun/tools/javac/comp/Attr$14 done
Event: 1.324 loading class com/sun/source/tree/MemberReferenceTree$ReferenceMode
Event: 1.324 loading class com/sun/source/tree/MemberReferenceTree$ReferenceMode done


Dynamic libraries:
0x000007f605600000 - 0x000007f605607000 	C:\Program Files\Java\jdk1.8.0_74\bin\javac.exe
0x000007fd09780000 - 0x000007fd0993e000 	C:\Windows\SYSTEM32\ntdll.dll
0x000007fd07080000 - 0x000007fd071b7000 	C:\Windows\system32\KERNEL32.DLL
0x000007fd06690000 - 0x000007fd06784000 	C:\Windows\system32\KERNELBASE.dll
0x000000006e0b0000 - 0x000000006e0df000 	C:\Program Files\Java\jdk1.8.0_74\bin\jli.dll
0x000000006dfd0000 - 0x000000006e0a2000 	C:\Program Files\Java\jdk1.8.0_74\bin\MSVCR100.dll
0x000007fd06990000 - 0x000007fd06a6e000 	C:\Windows\system32\ADVAPI32.dll
0x000007fd03ba0000 - 0x000007fd03e0a000 	C:\Windows\WinSxS\amd64_microsoft.windows.common-controls_6595b64144ccf1df_6.0.9200.17359_none_4188b989718cf1c6\COMCTL32.dll
0x000007fd06cb0000 - 0x000007fd06dfc000 	C:\Windows\system32\USER32.dll
0x000007fd09600000 - 0x000007fd096a5000 	C:\Windows\system32\msvcrt.dll
0x000007fd09400000 - 0x000007fd09448000 	C:\Windows\SYSTEM32\sechost.dll
0x000007fd07450000 - 0x000007fd07595000 	C:\Windows\system32\RPCRT4.dll
0x000007fd07210000 - 0x000007fd07351000 	C:\Windows\system32\GDI32.dll
0x000007fd06f70000 - 0x000007fd06fa9000 	C:\Windows\system32\IMM32.DLL
0x000007fd07920000 - 0x000007fd07a35000 	C:\Windows\system32\MSCTF.dll
0x000000006ef80000 - 0x000000006f052000 	C:\Program Files\Java\jdk1.8.0_74\jre\bin\msvcr100.dll
0x000000006f060000 - 0x000000006f8f0000 	C:\Program Files\Java\jdk1.8.0_74\jre\bin\server\jvm.dll
0x000007fcfe290000 - 0x000007fcfe299000 	C:\Windows\SYSTEM32\WSOCK32.dll
0x000007fd06390000 - 0x000007fd063b0000 	C:\Windows\system32\WINMM.dll
0x000007fd033e0000 - 0x000007fd033e9000 	C:\Windows\SYSTEM32\VERSION.dll
0x000007fd075a0000 - 0x000007fd075a7000 	C:\Windows\system32\PSAPI.DLL
0x000007fd06880000 - 0x000007fd068d8000 	C:\Windows\system32\WS2_32.dll
0x000007fd06330000 - 0x000007fd06363000 	C:\Windows\system32\WINMMBASE.dll
0x000007fd075b0000 - 0x000007fd075b9000 	C:\Windows\system32\NSI.dll
0x000007fd063b0000 - 0x000007fd063ff000 	C:\Windows\SYSTEM32\cfgmgr32.dll
0x000007fd067a0000 - 0x000007fd067c2000 	C:\Windows\system32\DEVOBJ.dll
0x000000006ef70000 - 0x000000006ef7f000 	C:\Program Files\Java\jdk1.8.0_74\jre\bin\verify.dll
0x000000006ef40000 - 0x000000006ef69000 	C:\Program Files\Java\jdk1.8.0_74\jre\bin\java.dll
0x000000006ef20000 - 0x000000006ef36000 	C:\Program Files\Java\jdk1.8.0_74\jre\bin\zip.dll
0x000007fd07e10000 - 0x000007fd090f0000 	C:\Windows\system32\SHELL32.dll
0x000007fd09450000 - 0x000007fd09600000 	C:\Windows\SYSTEM32\combase.dll
0x000007fd071c0000 - 0x000007fd07210000 	C:\Windows\system32\SHLWAPI.dll
0x000007fd047d0000 - 0x000007fd04866000 	C:\Windows\SYSTEM32\SHCORE.dll
0x000007fd06310000 - 0x000007fd06325000 	C:\Windows\system32\profapi.dll
0x000007fd042e0000 - 0x000007fd04443000 	C:\Windows\system32\DBGHELP.DLL

VM Arguments:
jvm_args: -Denv.class.path=.;C:\Program Files\Java\jdk1.8.0_74\lib -Dapplication.home=C:\Program Files\Java\jdk1.8.0_74 -Xms8m 
java_command: com.sun.tools.javac.Main @C:/Users/ADMINI~1/AppData/Local/Temp/2/sbt_646fe4e/argfile
java_class_path (initial): C:\Program Files\Java\jdk1.8.0_74/lib/tools.jar;C:\Program Files\Java\jdk1.8.0_74/classes
Launcher Type: SUN_STANDARD

Environment Variables:
JAVA_HOME=C:\Program Files\Java\jdk1.8.0_74
CLASSPATH=.;C:\Program Files\Java\jdk1.8.0_74\lib
PATH=C:\ProgramData\Oracle\Java\javapath;C:\Windows\system32;C:\Windows;C:\Windows\System32\Wbem;C:\Windows\System32\WindowsPowerShell\v1.0\;C:\Program Files (x86)\sbt\\bin;C:\Program Files\Java\jdk1.8.0_74\bin;E:\play-2.2.6\play-2.2.6;C:\Program Files\VisualSVN Server\bin;E:\mysql-5.5.19-win32\mysql-5.5.19-win32\bin;C:\Program Files\Git\cmd;C:\Program Files\TortoiseSVN\bin;C:\Program Files (x86)\SSH Communications Security\SSH Secure Shell
USERNAME=Administrator
OS=Windows_NT
PROCESSOR_IDENTIFIER=Intel64 Family 6 Model 63 Stepping 2, GenuineIntel



---------------  S Y S T E M  ---------------

OS: Windows Server 2012 , 64 bit Build 9200 (6.2.9200.16859)

CPU:total 4 (4 cores per cpu, 1 threads per core) family 6 model 63 stepping 2, cmov, cx8, fxsr, mmx, sse, sse2, sse3, ssse3, sse4.1, sse4.2, popcnt, avx, aes, clmul, lzcnt, tsc

Memory: 4k page, physical 8388084k(1627092k free), swap 8388084k(5084k free)

vm_info: Java HotSpot(TM) 64-Bit Server VM (25.74-b02) for windows-amd64 JRE (1.8.0_74-b02), built on Jan 29 2016 17:42:36 by "java_re" with MS VC++ 10.0 (VS2010)

time: Mon Apr 18 15:50:12 2016
elapsed time: 1 seconds (0d 0h 0m 1s)

